# JRE version: OpenJDK Runtime Environment (15.0.2+7) (build 15.0.2+7-27)
# Java VM: OpenJDK 64-Bit Server VM (15.0.2+7-27, mixed mode, tiered, compressed oops, g1 gc, windows-amd64)
GC Precious Log:
 CPUs: 8 total, 8 available
 Memory: 16267M
 Large Page Support: Disabled
 NUMA Support: Disabled
 Compressed Oops: Enabled (Zero based)
 Heap Region Size: 2M
 Heap Min Capacity: 8M
 Heap Initial Capacity: 256M
 Heap Max Capacity: 4068M
 Pre-touch: Disabled
 Parallel Workers: 8
 Concurrent Workers: 2
 Concurrent Refinement Workers: 8
 Periodic GC: Disabled
Heap:
 garbage-first heap   total 2281472K, used 322560K [0x0000000701c00000, 0x0000000800000000)
  region size 2048K, 5 young (10240K), 5 survivors (10240K)
 Metaspace       used 10515K, capacity 10590K, committed 10624K, reserved 1058816K
  class space    used 861K, capacity 885K, committed 896K, reserved 1048576K
GC Heap History (20 events):
Event: 0.862 GC heap after
{Heap after GC invocations=3 (full 0):
 garbage-first heap   total 262144K, used 51480K [0x0000000701c00000, 0x0000000800000000)
  region size 2048K, 10 young (20480K), 10 survivors (20480K)
 Metaspace       used 10069K, capacity 10206K, committed 10368K, reserved 1058816K
  class space    used 830K, capacity 885K, committed 896K, reserved 1048576K
}
Event: 0.905 GC heap before
{Heap before GC invocations=3 (full 0):
 garbage-first heap   total 262144K, used 127256K [0x0000000701c00000, 0x0000000800000000)
  region size 2048K, 47 young (96256K), 10 survivors (20480K)
 Metaspace       used 10069K, capacity 10206K, committed 10368K, reserved 1058816K
  class space    used 830K, capacity 885K, committed 896K, reserved 1048576K
}
Event: 0.929 GC heap after
{Heap after GC invocations=4 (full 0):
 garbage-first heap   total 262144K, used 73728K [0x0000000701c00000, 0x0000000800000000)
  region size 2048K, 6 young (12288K), 6 survivors (12288K)
 Metaspace       used 10069K, capacity 10206K, committed 10368K, reserved 1058816K
  class space    used 830K, capacity 885K, committed 896K, reserved 1048576K
}
Event: 0.968 GC heap before
{Heap before GC invocations=4 (full 0):
 garbage-first heap   total 262144K, used 159744K [0x0000000701c00000, 0x0000000800000000)
  region size 2048K, 48 young (98304K), 6 survivors (12288K)
 Metaspace       used 10069K, capacity 10206K, committed 10368K, reserved 1058816K
  class space    used 830K, capacity 885K, committed 896K, reserved 1048576K
}
Event: 0.990 GC heap after
{Heap after GC invocations=5 (full 0):
 garbage-first heap   total 487424K, used 99165K [0x0000000701c00000, 0x0000000800000000)
  region size 2048K, 6 young (12288K), 6 survivors (12288K)
 Metaspace       used 10069K, capacity 10206K, committed 10368K, reserved 1058816K
  class space    used 830K, capacity 885K, committed 896K, reserved 1048576K
}
Event: 1.149 GC heap before
{Heap before GC invocations=5 (full 0):
 garbage-first heap   total 487424K, used 224093K [0x0000000701c00000, 0x0000000800000000)
  region size 2048K, 67 young (137216K), 6 survivors (12288K)
 Metaspace       used 10072K, capacity 10206K, committed 10368K, reserved 1058816K
  class space    used 830K, capacity 885K, committed 896K, reserved 1048576K
}
Event: 1.173 GC heap after
{Heap after GC invocations=6 (full 0):
 garbage-first heap   total 487424K, used 124063K [0x0000000701c00000, 0x0000000800000000)
  region size 2048K, 9 young (18432K), 9 survivors (18432K)
 Metaspace       used 10072K, capacity 10206K, committed 10368K, reserved 1058816K
  class space    used 830K, capacity 885K, committed 896K, reserved 1048576K
}
Event: 1.312 GC heap before
{Heap before GC invocations=6 (full 0):
 garbage-first heap   total 487424K, used 210079K [0x0000000701c00000, 0x0000000800000000)
  region size 2048K, 51 young (104448K), 9 survivors (18432K)
 Metaspace       used 10072K, capacity 10206K, committed 10368K, reserved 1058816K
  class space    used 830K, capacity 885K, committed 896K, reserved 1048576K
}
Event: 1.330 GC heap after
{Heap after GC invocations=7 (full 0):
 garbage-first heap   total 487424K, used 136917K [0x0000000701c00000, 0x0000000800000000)
  region size 2048K, 6 young (12288K), 6 survivors (12288K)
 Metaspace       used 10072K, capacity 10206K, committed 10368K, reserved 1058816K
  class space    used 830K, capacity 885K, committed 896K, reserved 1048576K
}
Event: 1.599 GC heap before
{Heap before GC invocations=7 (full 0):
 garbage-first heap   total 487424K, used 327381K [0x0000000701c00000, 0x0000000800000000)
  region size 2048K, 99 young (202752K), 6 survivors (12288K)
 Metaspace       used 10072K, capacity 10206K, committed 10368K, reserved 1058816K
  class space    used 830K, capacity 885K, committed 896K, reserved 1048576K
}
Event: 1.636 GC heap after
{Heap after GC invocations=8 (full 0):
 garbage-first heap   total 487424K, used 161567K [0x0000000701c00000, 0x0000000800000000)
  region size 2048K, 13 young (26624K), 13 survivors (26624K)
 Metaspace       used 10072K, capacity 10206K, committed 10368K, reserved 1058816K
  class space    used 830K, capacity 885K, committed 896K, reserved 1048576K
}
Event: 1.655 GC heap before
{Heap before GC invocations=8 (full 0):
 garbage-first heap   total 487424K, used 163615K [0x0000000701c00000, 0x0000000800000000)
  region size 2048K, 14 young (28672K), 13 survivors (26624K)
 Metaspace       used 10072K, capacity 10206K, committed 10368K, reserved 1058816K
  class space    used 830K, capacity 885K, committed 896K, reserved 1048576K
}
Event: 1.788 GC heap after
{Heap after GC invocations=9 (full 0):
 garbage-first heap   total 1024000K, used 167149K [0x0000000701c00000, 0x0000000800000000)
  region size 2048K, 2 young (4096K), 2 survivors (4096K)
 Metaspace       used 10072K, capacity 10206K, committed 10368K, reserved 1058816K
  class space    used 830K, capacity 885K, committed 896K, reserved 1048576K
}
Event: 1.871 GC heap before
{Heap before GC invocations=9 (full 0):
 garbage-first heap   total 1024000K, used 214253K [0x0000000701c00000, 0x0000000800000000)
  region size 2048K, 25 young (51200K), 2 survivors (4096K)
 Metaspace       used 10072K, capacity 10206K, committed 10368K, reserved 1058816K
  class space    used 830K, capacity 885K, committed 896K, reserved 1048576K
}
Event: 1.881 GC heap after
{Heap after GC invocations=10 (full 0):
 garbage-first heap   total 1024000K, used 170670K [0x0000000701c00000, 0x0000000800000000)
  region size 2048K, 4 young (8192K), 4 survivors (8192K)
 Metaspace       used 10072K, capacity 10206K, committed 10368K, reserved 1058816K
  class space    used 830K, capacity 885K, committed 896K, reserved 1048576K
}
Event: 2.022 GC heap before
{Heap before GC invocations=10 (full 0):
 garbage-first heap   total 1024000K, used 230062K [0x0000000701c00000, 0x0000000800000000)
  region size 2048K, 31 young (63488K), 4 survivors (8192K)
 Metaspace       used 10149K, capacity 10270K, committed 10368K, reserved 1058816K
  class space    used 833K, capacity 885K, committed 896K, reserved 1048576K
}
Event: 2.044 GC heap after
{Heap after GC invocations=11 (full 0):
 garbage-first heap   total 1024000K, used 187631K [0x0000000701c00000, 0x0000000800000000)
  region size 2048K, 4 young (8192K), 4 survivors (8192K)
 Metaspace       used 10149K, capacity 10270K, committed 10368K, reserved 1058816K
  class space    used 833K, capacity 885K, committed 896K, reserved 1048576K
}
Event: 3.190 GC heap before
{Heap before GC invocations=11 (full 0):
 garbage-first heap   total 1024000K, used 316655K [0x0000000701c00000, 0x0000000800000000)
  region size 2048K, 61 young (124928K), 4 survivors (8192K)
 Metaspace       used 10490K, capacity 10590K, committed 10624K, reserved 1058816K
  class space    used 861K, capacity 885K, committed 896K, reserved 1048576K
}
Event: 3.271 GC heap after
{Heap after GC invocations=12 (full 0):
 garbage-first heap   total 1024000K, used 281340K [0x0000000701c00000, 0x0000000800000000)
  region size 2048K, 8 young (16384K), 8 survivors (16384K)
 Metaspace       used 10490K, capacity 10590K, committed 10624K, reserved 1058816K
  class space    used 861K, capacity 885K, committed 896K, reserved 1048576K
}
Event: 3.793 GC heap before
{Heap before GC invocations=12 (full 0):
 garbage-first heap   total 1024000K, used 334588K [0x0000000701c00000, 0x0000000800000000)
  region size 2048K, 34 young (69632K), 8 survivors (16384K)
 Metaspace       used 10515K, capacity 10590K, committed 10624K, reserved 1058816K
  class space    used 861K, capacity 885K, committed 896K, reserved 1048576K
}

