# JRE version: OpenJDK Runtime Environment (15.0.2+7) (build 15.0.2+7-27)
# Java VM: OpenJDK 64-Bit Server VM (15.0.2+7-27, mixed mode, tiered, compressed oops, g1 gc, windows-amd64)
GC Precious Log:
 CPUs: 8 total, 8 available
 Memory: 16267M
 Large Page Support: Disabled
 NUMA Support: Disabled
 Compressed Oops: Enabled (Zero based)
 Heap Region Size: 2M
 Heap Min Capacity: 8M
 Heap Initial Capacity: 256M
 Heap Max Capacity: 4068M
 Pre-touch: Disabled
 Parallel Workers: 8
 Concurrent Workers: 2
 Concurrent Refinement Workers: 8
 Periodic GC: Disabled
Heap:
 garbage-first heap   total 1236992K, used 165304K [0x0000000701c00000, 0x0000000800000000)
  region size 2048K, 2 young (4096K), 2 survivors (4096K)
 Metaspace       used 6444K, capacity 6503K, committed 6784K, reserved 1056768K
  class space    used 500K, capacity 529K, committed 640K, reserved 1048576K
GC Heap History (17 events):
Event: 0.197 GC heap before
{Heap before GC invocations=0 (full 0):
 garbage-first heap   total 262144K, used 22528K [0x0000000701c00000, 0x0000000800000000)
  region size 2048K, 11 young (22528K), 0 survivors (0K)
 Metaspace       used 4757K, capacity 4804K, committed 5120K, reserved 1056768K
  class space    used 402K, capacity 432K, committed 512K, reserved 1048576K
}
Event: 0.199 GC heap after
{Heap after GC invocations=1 (full 0):
 garbage-first heap   total 262144K, used 845K [0x0000000701c00000, 0x0000000800000000)
  region size 2048K, 1 young (2048K), 1 survivors (2048K)
 Metaspace       used 4757K, capacity 4804K, committed 5120K, reserved 1056768K
  class space    used 402K, capacity 432K, committed 512K, reserved 1048576K
}
Event: 0.351 GC heap before
{Heap before GC invocations=1 (full 0):
 garbage-first heap   total 262144K, used 43853K [0x0000000701c00000, 0x0000000800000000)
  region size 2048K, 19 young (38912K), 1 survivors (2048K)
 Metaspace       used 6435K, capacity 6503K, committed 6784K, reserved 1056768K
  class space    used 500K, capacity 529K, committed 640K, reserved 1048576K
}
Event: 0.358 GC heap after
{Heap after GC invocations=2 (full 0):
 garbage-first heap   total 262144K, used 13075K [0x0000000701c00000, 0x0000000800000000)
  region size 2048K, 3 young (6144K), 3 survivors (6144K)
 Metaspace       used 6435K, capacity 6503K, committed 6784K, reserved 1056768K
  class space    used 500K, capacity 529K, committed 640K, reserved 1048576K
}
Event: 0.535 GC heap before
{Heap before GC invocations=2 (full 0):
 garbage-first heap   total 262144K, used 162579K [0x0000000701c00000, 0x0000000800000000)
  region size 2048K, 76 young (155648K), 3 survivors (6144K)
 Metaspace       used 6442K, capacity 6503K, committed 6784K, reserved 1056768K
  class space    used 500K, capacity 529K, committed 640K, reserved 1048576K
}
Event: 0.563 GC heap after
{Heap after GC invocations=3 (full 0):
 garbage-first heap   total 262144K, used 53719K [0x0000000701c00000, 0x0000000800000000)
  region size 2048K, 10 young (20480K), 10 survivors (20480K)
 Metaspace       used 6442K, capacity 6503K, committed 6784K, reserved 1056768K
  class space    used 500K, capacity 529K, committed 640K, reserved 1048576K
}
Event: 0.601 GC heap before
{Heap before GC invocations=3 (full 0):
 garbage-first heap   total 262144K, used 129495K [0x0000000701c00000, 0x0000000800000000)
  region size 2048K, 47 young (96256K), 10 survivors (20480K)
 Metaspace       used 6442K, capacity 6503K, committed 6784K, reserved 1056768K
  class space    used 500K, capacity 529K, committed 640K, reserved 1048576K
}
Event: 0.627 GC heap after
{Heap after GC invocations=4 (full 0):
 garbage-first heap   total 262144K, used 77711K [0x0000000701c00000, 0x0000000800000000)
  region size 2048K, 6 young (12288K), 6 survivors (12288K)
 Metaspace       used 6442K, capacity 6503K, committed 6784K, reserved 1056768K
  class space    used 500K, capacity 529K, committed 640K, reserved 1048576K
}
Event: 0.666 GC heap before
{Heap before GC invocations=4 (full 0):
 garbage-first heap   total 262144K, used 161679K [0x0000000701c00000, 0x0000000800000000)
  region size 2048K, 47 young (96256K), 6 survivors (12288K)
 Metaspace       used 6442K, capacity 6503K, committed 6784K, reserved 1056768K
  class space    used 500K, capacity 529K, committed 640K, reserved 1048576K
}
Event: 0.689 GC heap after
{Heap after GC invocations=5 (full 0):
 garbage-first heap   total 524288K, used 103306K [0x0000000701c00000, 0x0000000800000000)
  region size 2048K, 6 young (12288K), 6 survivors (12288K)
 Metaspace       used 6442K, capacity 6503K, committed 6784K, reserved 1056768K
  class space    used 500K, capacity 529K, committed 640K, reserved 1048576K
}
Event: 0.875 GC heap before
{Heap before GC invocations=5 (full 0):
 garbage-first heap   total 524288K, used 222090K [0x0000000701c00000, 0x0000000800000000)
  region size 2048K, 64 young (131072K), 6 survivors (12288K)
 Metaspace       used 6444K, capacity 6503K, committed 6784K, reserved 1056768K
  class space    used 500K, capacity 529K, committed 640K, reserved 1048576K
}
Event: 0.897 GC heap after
{Heap after GC invocations=6 (full 0):
 garbage-first heap   total 524288K, used 124928K [0x0000000701c00000, 0x0000000800000000)
  region size 2048K, 8 young (16384K), 8 survivors (16384K)
 Metaspace       used 6444K, capacity 6503K, committed 6784K, reserved 1056768K
  class space    used 500K, capacity 529K, committed 640K, reserved 1048576K
}
Event: 0.998 GC heap before
{Heap before GC invocations=6 (full 0):
 garbage-first heap   total 524288K, used 200704K [0x0000000701c00000, 0x0000000800000000)
  region size 2048K, 45 young (92160K), 8 survivors (16384K)
 Metaspace       used 6444K, capacity 6503K, committed 6784K, reserved 1056768K
  class space    used 500K, capacity 529K, committed 640K, reserved 1048576K
}
Event: 1.018 GC heap after
{Heap after GC invocations=7 (full 0):
 garbage-first heap   total 524288K, used 137216K [0x0000000701c00000, 0x0000000800000000)
  region size 2048K, 5 young (10240K), 5 survivors (10240K)
 Metaspace       used 6444K, capacity 6503K, committed 6784K, reserved 1056768K
  class space    used 500K, capacity 529K, committed 640K, reserved 1048576K
}
Event: 1.185 GC heap before
{Heap before GC invocations=7 (full 0):
 garbage-first heap   total 524288K, used 305152K [0x0000000701c00000, 0x0000000800000000)
  region size 2048K, 87 young (178176K), 5 survivors (10240K)
 Metaspace       used 6444K, capacity 6503K, committed 6784K, reserved 1056768K
  class space    used 500K, capacity 529K, committed 640K, reserved 1048576K
}
Event: 1.216 GC heap after
{Heap after GC invocations=8 (full 0):
 garbage-first heap   total 524288K, used 160986K [0x0000000701c00000, 0x0000000800000000)
  region size 2048K, 11 young (22528K), 11 survivors (22528K)
 Metaspace       used 6444K, capacity 6503K, committed 6784K, reserved 1056768K
  class space    used 500K, capacity 529K, committed 640K, reserved 1048576K
}
Event: 1.230 GC heap before
{Heap before GC invocations=8 (full 0):
 garbage-first heap   total 524288K, used 163034K [0x0000000701c00000, 0x0000000800000000)
  region size 2048K, 12 young (24576K), 11 survivors (22528K)
 Metaspace       used 6444K, capacity 6503K, committed 6784K, reserved 1056768K
  class space    used 500K, capacity 529K, committed 640K, reserved 1048576K
}

